There are 62 missing blocks. The following files may be corrupted:

blk_1073741839 /tmp/hadoop-yarn/staging/history/done_intermediate/hadoop/job_1558008839550_0002.summary
blk_1073741840 /tmp/hadoop-yarn/staging/history/done_intermediate/hadoop/job_1558008839550_0002-1558008961335-hadoop-streamjob9024828223328092316.jar-1558008985578-2-1-SUCCEEDED-default-1558008969963.jhist
blk_1073741841 /tmp/hadoop-yarn/staging/history/done_intermediate/hadoop/job_1558008839550_0002_conf.xml
blk_1073741851 /tmp/hadoop-yarn/staging/history/done_intermediate/hadoop/job_1558344791917_0001.summary
blk_1073741852 /tmp/hadoop-yarn/staging/history/done_intermediate/hadoop/job_1558344791917_0001-1558344859140-hadoop-streamjob7124876848080992048.jar-1558344916259-2-1-SUCCEEDED-default-1558344879432.jhist
blk_1073741853 /tmp/hadoop-yarn/staging/history/done_intermediate/hadoop/job_1558344791917_0001_conf.xml
blk_1073741863 /tmp/hadoop-yarn/staging/history/done_intermediate/hadoop/job_1558344791917_0002.summary
blk_1073741864 /tmp/hadoop-yarn/staging/history/done_intermediate/hadoop/job_1558344791917_0002-1558345271326-hadoop-streamjob746168411481583216.jar-1558345299477-2-1-SUCCEEDED-default-1558345279604.jhist
blk_1073741865 /tmp/hadoop-yarn/staging/history/done_intermediate/hadoop/job_1558344791917_0002_conf.xml
blk_1073741874 /tmp/hadoop-yarn/staging/history/done_intermediate/hadoop/job_1558432569929_0002.summary
blk_1073741875 /tmp/hadoop-yarn/staging/history/done_intermediate/hadoop/job_1558432569929_0002-1558432818746-hadoop-streamjob6875504901889624049.jar-1558432944460-0-0-FAILED-default-1558432832941.jhist
blk_1073741876 /tmp/hadoop-yarn/staging/history/done_intermediate/hadoop/job_1558432569929_0002_conf.xml
blk_1073741878 /tmp/hadoop-yarn/staging/hadoop/.staging/job_1558432569929_0003/files/mapper.py
blk_1073741879 /tmp/hadoop-yarn/staging/hadoop/.staging/job_1558432569929_0003/files/reducer.py
blk_1073741880 /tmp/hadoop-yarn/staging/hadoop/.staging/job_1558432569929_0003/job.jar
blk_1073741892 /tmp/hadoop-yarn/staging/history/done_intermediate/hadoop/job_1558433574259_0002.summary
blk_1073741893 /tmp/hadoop-yarn/staging/history/done_intermediate/hadoop/job_1558433574259_0002-1558433634599-hadoop-streamjob7489060629997708738.jar-1558433735964-0-0-FAILED-default-1558433645557.jhist
blk_1073741894 /tmp/hadoop-yarn/staging/history/done_intermediate/hadoop/job_1558433574259_0002_conf.xml
blk_1073741895 /tmp/hadoop-yarn/staging/hadoop/.staging/job_1558434120057_0002/files/mapper.py
blk_1073741896 /tmp/hadoop-yarn/staging/hadoop/.staging/job_1558434120057_0002/files/reducer.py
blk_1073741897 /tmp/hadoop-yarn/staging/hadoop/.staging/job_1558434120057_0002/job.jar
blk_1073741898 /tmp/hadoop-yarn/staging/hadoop/.staging/job_1558434120057_0002/job.split
blk_1073741899 /tmp/hadoop-yarn/staging/hadoop/.staging/job_1558434120057_0002/job.splitmetainfo
blk_1073741900 /tmp/hadoop-yarn/staging/hadoop/.staging/job_1558434120057_0002/job.xml
blk_1073741901 /tmp/hadoop-yarn/staging/hadoop/.staging/job_1558434120057_0002/job_1558434120057_0002_1_conf.xml
blk_1073741902 /tmp/hadoop-yarn/staging/hadoop/.staging/job_1558434120057_0002/job_1558434120057_0002_1.jhist
blk_1073741912 /tmp/hadoop-yarn/staging/history/done_intermediate/hadoop/job_1558434480733_0001.summary
blk_1073741913 /tmp/hadoop-yarn/staging/history/done_intermediate/hadoop/job_1558434480733_0001-1558435593937-hadoop-streamjob4825793082042262694.jar-1558435636073-0-0-FAILED-default-1558435606227.jhist
blk_1073741914 /tmp/hadoop-yarn/staging/history/done_intermediate/hadoop/job_1558434480733_0001_conf.xml
blk_1073741925 /tmp/hadoop-yarn/staging/history/done_intermediate/hadoop/job_1558434480733_0002.summary
blk_1073741926 /tmp/hadoop-yarn/staging/history/done_intermediate/hadoop/job_1558434480733_0002-1558435705716-hadoop-streamjob352813688614319184.jar-1558435728357-2-1-SUCCEEDED-default-1558435712892.jhist
blk_1073741927 /tmp/hadoop-yarn/staging/history/done_intermediate/hadoop/job_1558434480733_0002_conf.xml
blk_1073741938 /tmp/hadoop-yarn/staging/history/done_intermediate/hadoop/job_1558434480733_0003.summary
blk_1073741939 /tmp/hadoop-yarn/staging/history/done_intermediate/hadoop/job_1558434480733_0003-1558436036891-hadoop-streamjob6543724381668822367.jar-1558436067310-4-1-SUCCEEDED-default-1558436045527.jhist
blk_1073741940 /tmp/hadoop-yarn/staging/history/done_intermediate/hadoop/job_1558434480733_0003_conf.xml
blk_1073741951 /tmp/hadoop-yarn/staging/history/done_intermediate/hadoop/job_1558434480733_0004.summary
blk_1073741952 /tmp/hadoop-yarn/staging/history/done_intermediate/hadoop/job_1558434480733_0004-1558436264972-hadoop-streamjob3977245440119407661.jar-1558436297578-5-1-SUCCEEDED-default-1558436272913.jhist
blk_1073741953 /tmp/hadoop-yarn/staging/history/done_intermediate/hadoop/job_1558434480733_0004_conf.xml
blk_1073741964 /tmp/hadoop-yarn/staging/history/done_intermediate/hadoop/job_1558434480733_0005.summary
blk_1073741965 /tmp/hadoop-yarn/staging/history/done_intermediate/hadoop/job_1558434480733_0005-1558436442183-hadoop-streamjob5053337142812261018.jar-1558436478392-6-1-SUCCEEDED-default-1558436449828.jhist
blk_1073741966 /tmp/hadoop-yarn/staging/history/done_intermediate/hadoop/job_1558434480733_0005_conf.xml
blk_1073741978 /tmp/hadoop-yarn/staging/history/done_intermediate/hadoop/job_1558434480733_0006.summary
blk_1073741979 /tmp/hadoop-yarn/staging/history/done_intermediate/hadoop/job_1558434480733_0006-1558436688113-hadoop-streamjob7929827269764207388.jar-1558436723113-6-1-SUCCEEDED-default-1558436695942.jhist
blk_1073741980 /tmp/hadoop-yarn/staging/history/done_intermediate/hadoop/job_1558434480733_0006_conf.xml
blk_1073741991 /tmp/hadoop-yarn/staging/history/done_intermediate/hadoop/job_1558434480733_0007.summary
blk_1073741992 /tmp/hadoop-yarn/staging/history/done_intermediate/hadoop/job_1558434480733_0007-1558437863682-hadoop-streamjob3888356549527919137.jar-1558437902602-7-1-SUCCEEDED-default-1558437872811.jhist
blk_1073741993 /tmp/hadoop-yarn/staging/history/done_intermediate/hadoop/job_1558434480733_0007_conf.xml
blk_1073742003 /tmp/hadoop-yarn/staging/history/done_intermediate/hadoop/job_1558438356356_0001.summary
blk_1073742004 /tmp/hadoop-yarn/staging/history/done_intermediate/hadoop/job_1558438356356_0001-1558438650568-hadoop-streamjob2412158739802523207.jar-1558438783394-1-0-FAILED-default-1558438662877.jhist
blk_1073742005 /tmp/hadoop-yarn/staging/history/done_intermediate/hadoop/job_1558438356356_0001_conf.xml
blk_1073742015 /tmp/hadoop-yarn/staging/history/done_intermediate/hadoop/job_1558438356356_0002.summary
blk_1073742016 /tmp/hadoop-yarn/staging/history/done_intermediate/hadoop/job_1558438356356_0002-1558439195207-hadoop-streamjob2983692894298913303.jar-1558439333625-2-0-FAILED-default-1558439203902.jhist
blk_1073742017 /tmp/hadoop-yarn/staging/history/done_intermediate/hadoop/job_1558438356356_0002_conf.xml
blk_1073742027 /tmp/hadoop-yarn/staging/history/done_intermediate/hadoop/job_1558438356356_0003.summary
blk_1073742028 /tmp/hadoop-yarn/staging/history/done_intermediate/hadoop/job_1558438356356_0003-1558441349005-hadoop-streamjob3657584640416819863.jar-1558441497961-3-0-FAILED-default-1558441356685.jhist
blk_1073742029 /tmp/hadoop-yarn/staging/history/done_intermediate/hadoop/job_1558438356356_0003_conf.xml
blk_1073742039 /tmp/hadoop-yarn/staging/history/done_intermediate/hadoop/job_1558438356356_0004.summary
blk_1073742040 /tmp/hadoop-yarn/staging/history/done_intermediate/hadoop/job_1558438356356_0004-1558441753634-hadoop-streamjob5311047239348285024.jar-1558441904287-4-0-FAILED-default-1558441761770.jhist
blk_1073742041 /tmp/hadoop-yarn/staging/history/done_intermediate/hadoop/job_1558438356356_0004_conf.xml
blk_1073742053 /tmp/hadoop-yarn/staging/history/done_intermediate/hadoop/job_1558442372738_0002.summary
blk_1073742054 /tmp/hadoop-yarn/staging/history/done_intermediate/hadoop/job_1558442372738_0002-1558442552321-hadoop-streamjob8155694959571618175.jar-1558442701419-1-0-FAILED-default-1558442562182.jhist
blk_1073742055 /tmp/hadoop-yarn/staging/history/done_intermediate/hadoop/job_1558442372738_0002_conf.xml
